\BOOKMARK [1][-]{section.1}{\376\377\000I\000n\000t\000r\000o\000d\000u\000z\000i\000o\000n\000e\000\040\000a\000\040\000P\000y\000t\000h\000o\000n}{}% 1
\BOOKMARK [2][-]{subsection.1.1}{\376\377\000C\000a\000r\000a\000t\000t\000e\000r\000i\000s\000t\000i\000c\000h\000e\000\040\000P\000r\000i\000n\000c\000i\000p\000a\000l\000i}{section.1}% 2
\BOOKMARK [2][-]{subsection.1.2}{\376\377\000I\000n\000s\000t\000a\000l\000l\000a\000z\000i\000o\000n\000e}{section.1}% 3
\BOOKMARK [3][-]{subsubsection.1.2.1}{\376\377\000S\000c\000e\000l\000t\000a\000\040\000d\000e\000l\000l\000a\000\040\000v\000e\000r\000s\000i\000o\000n\000e}{subsection.1.2}% 4
\BOOKMARK [3][-]{subsubsection.1.2.2}{\376\377\000D\000o\000w\000n\000l\000o\000a\000d\000\040\000e\000\040\000i\000n\000s\000t\000a\000l\000l\000a\000z\000i\000o\000n\000e}{subsection.1.2}% 5
\BOOKMARK [3][-]{subsubsection.1.2.3}{\376\377\000V\000e\000r\000i\000f\000i\000c\000a\000\040\000d\000e\000l\000l\000'\000i\000n\000s\000t\000a\000l\000l\000a\000z\000i\000o\000n\000e}{subsection.1.2}% 6
\BOOKMARK [3][-]{subsubsection.1.2.4}{\376\377\000G\000e\000s\000t\000i\000o\000n\000e\000\040\000d\000e\000i\000\040\000p\000a\000c\000c\000h\000e\000t\000t\000i\000\040\000c\000o\000n\000\040\000p\000i\000p}{subsection.1.2}% 7
\BOOKMARK [3][-]{subsubsection.1.2.5}{\376\377\000A\000m\000b\000i\000e\000n\000t\000i\000\040\000v\000i\000r\000t\000u\000a\000l\000i}{subsection.1.2}% 8
\BOOKMARK [3][-]{subsubsection.1.2.6}{\376\377\000O\000p\000z\000i\000o\000n\000i\000\040\000a\000l\000t\000e\000r\000n\000a\000t\000i\000v\000e}{subsection.1.2}% 9
\BOOKMARK [2][-]{subsection.1.3}{\376\377\000I\000l\000\040\000t\000u\000o\000\040\000p\000r\000i\000m\000o\000\040\000p\000r\000o\000g\000r\000a\000m\000m\000a\000\040\000P\000y\000t\000h\000o\000n}{section.1}% 10
\BOOKMARK [1][-]{section.2}{\376\377\000V\000a\000r\000i\000a\000b\000i\000l\000i\000\040\000e\000\040\000T\000i\000p\000i\000\040\000d\000i\000\040\000D\000a\000t\000i}{}% 11
\BOOKMARK [2][-]{subsection.2.1}{\376\377\000D\000i\000c\000h\000i\000a\000r\000a\000z\000i\000o\000n\000e\000\040\000e\000\040\000A\000s\000s\000e\000g\000n\000a\000z\000i\000o\000n\000e\000\040\000d\000e\000l\000l\000e\000\040\000V\000a\000r\000i\000a\000b\000i\000l\000i}{section.2}% 12
\BOOKMARK [2][-]{subsection.2.2}{\376\377\000R\000e\000g\000o\000l\000e\000\040\000e\000\040\000b\000e\000s\000t\000\040\000p\000r\000a\000c\000t\000i\000c\000e\000\040\000p\000e\000r\000\040\000d\000e\000n\000o\000m\000i\000n\000a\000r\000e\000\040\000l\000e\000\040\000v\000a\000r\000i\000a\000b\000i\000l\000i}{section.2}% 13
\BOOKMARK [1][-]{section.3}{\376\377\000M\000e\000t\000o\000d\000i\000\040\000p\000r\000i\000n\000c\000i\000p\000a\000l\000i\000\040\000p\000e\000r\000\040\000i\000\040\000t\000i\000p\000i\000\040\000d\000i\000\040\000d\000a\000t\000i\000\040\000P\000y\000t\000h\000o\000n}{}% 14
\BOOKMARK [2][-]{subsection.3.1}{\376\377\000O\000p\000e\000r\000a\000t\000o\000r\000i}{section.3}% 15
\BOOKMARK [3][-]{subsubsection.3.1.1}{\376\377\000O\000p\000e\000r\000a\000t\000o\000r\000i\000\040\000a\000r\000i\000t\000m\000e\000t\000i\000c\000i}{subsection.3.1}% 16
\BOOKMARK [3][-]{subsubsection.3.1.2}{\376\377\000O\000p\000e\000r\000a\000t\000o\000r\000i\000\040\000d\000i\000\040\000c\000o\000n\000f\000r\000o\000n\000t\000o}{subsection.3.1}% 17
\BOOKMARK [3][-]{subsubsection.3.1.3}{\376\377\000O\000p\000e\000r\000a\000t\000o\000r\000i\000\040\000l\000o\000g\000i\000c\000i}{subsection.3.1}% 18
\BOOKMARK [2][-]{subsection.3.2}{\376\377\000I\000n\000p\000u\000t\000\040\000e\000\040\000O\000u\000t\000p\000u\000t}{section.3}% 19
\BOOKMARK [1][-]{section.4}{\376\377\000A\000p\000p\000r\000o\000f\000o\000n\000d\000i\000m\000e\000n\000t\000o\000\040\000d\000e\000l\000l\000e\000\040\000V\000a\000r\000i\000a\000b\000i\000l\000i}{}% 20
\BOOKMARK [2][-]{subsection.4.1}{\376\377\000I\000l\000\040\000m\000o\000d\000e\000l\000l\000o\000\040\000d\000i\000\040\000r\000i\000f\000e\000r\000i\000m\000e\000n\000t\000o\000\040\000i\000n\000\040\000P\000y\000t\000h\000o\000n}{section.4}% 21
\BOOKMARK [2][-]{subsection.4.2}{\376\377\000A\000s\000s\000e\000g\000n\000a\000z\000i\000o\000n\000e\000\040\000d\000i\000\040\000v\000a\000r\000i\000a\000b\000i\000l\000i}{section.4}% 22
\BOOKMARK [2][-]{subsection.4.3}{\376\377\000T\000i\000p\000i\000\040\000i\000m\000m\000u\000t\000a\000b\000i\000l\000i\000\040\000v\000s\000\040\000m\000u\000t\000a\000b\000i\000l\000i}{section.4}% 23
\BOOKMARK [3][-]{subsubsection.4.3.1}{\376\377\000C\000o\000m\000p\000o\000r\000t\000a\000m\000e\000n\000t\000o\000\040\000c\000o\000n\000\040\000t\000i\000p\000i\000\040\000i\000m\000m\000u\000t\000a\000b\000i\000l\000i}{subsection.4.3}% 24
\BOOKMARK [3][-]{subsubsection.4.3.2}{\376\377\000C\000o\000m\000p\000o\000r\000t\000a\000m\000e\000n\000t\000o\000\040\000c\000o\000n\000\040\000t\000i\000p\000i\000\040\000m\000u\000t\000a\000b\000i\000l\000i}{subsection.4.3}% 25
\BOOKMARK [2][-]{subsection.4.4}{\376\377\000V\000e\000r\000i\000f\000i\000c\000a\000\040\000d\000e\000l\000l\000'\000i\000d\000e\000n\000t\000i\000t\000\340\000\040\000d\000e\000g\000l\000i\000\040\000o\000g\000g\000e\000t\000t\000i}{section.4}% 26
\BOOKMARK [2][-]{subsection.4.5}{\376\377\000E\000s\000e\000r\000c\000i\000z\000i\000o\000\040\000p\000r\000a\000t\000i\000c\000o\000:\000\040\000t\000r\000a\000c\000c\000i\000a\000r\000e\000\040\000l\000e\000\040\000v\000a\000r\000i\000a\000b\000i\000l\000i}{section.4}% 27
\BOOKMARK [2][-]{subsection.4.6}{\376\377\000E\000s\000e\000r\000c\000i\000z\000i\000\040\000R\000i\000a\000s\000s\000u\000n\000t\000i\000v\000i}{section.4}% 28
\BOOKMARK [3][-]{subsubsection.4.6.1}{\376\377\000E\000s\000e\000r\000c\000i\000z\000i\000o\000\040\0001\000:\000\040\000I\000m\000p\000l\000e\000m\000e\000n\000t\000a\000z\000i\000o\000n\000e\000\040\000I\000n\000p\000u\000t\000\040\000e\000d\000\040\000O\000u\000t\000p\000u\000t}{subsection.4.6}% 29
\BOOKMARK [3][-]{subsubsection.4.6.2}{\376\377\000E\000s\000e\000r\000c\000i\000z\000i\000o\000\040\0002\000:\000\040\000I\000d\000e\000n\000t\000i\000f\000i\000c\000a\000z\000i\000o\000n\000e\000\040\000d\000e\000g\000l\000i\000\040\000e\000r\000r\000o\000r\000i}{subsection.4.6}% 30
\BOOKMARK [3][-]{subsubsection.4.6.3}{\376\377\000E\000s\000e\000r\000c\000i\000z\000i\000o\000\040\0003\000:\000\040\000O\000p\000e\000r\000a\000z\000i\000o\000n\000i\000\040\000M\000a\000t\000e\000m\000a\000t\000i\000c\000h\000e}{subsection.4.6}% 31
\BOOKMARK [3][-]{subsubsection.4.6.4}{\376\377\000E\000s\000e\000r\000c\000i\000z\000i\000o\000\040\0004\000:\000\040\000O\000p\000e\000r\000a\000t\000o\000r\000i\000\040\000l\000o\000g\000i\000c\000i}{subsection.4.6}% 32
\BOOKMARK [3][-]{subsubsection.4.6.5}{\376\377\000E\000s\000e\000r\000c\000i\000z\000i\000o\000\040\0005\000:\000\040\000M\000i\000n\000i\000C\000a\000l\000c\000o\000l\000a\000t\000r\000i\000c\000e}{subsection.4.6}% 33
\BOOKMARK [3][-]{subsubsection.4.6.6}{\376\377\000E\000s\000e\000r\000c\000i\000z\000i\000o\000\040\0006\000:\000\040\000M\000u\000t\000a\000b\000i\000l\000i\000t\000\340\000\040\000e\000\040\000I\000m\000m\000u\000t\000a\000b\000i\000l\000i\000t\000\340}{subsection.4.6}% 34
\BOOKMARK [2][-]{subsection.4.7}{\376\377\000R\000i\000s\000o\000l\000u\000z\000i\000o\000n\000e\000\040\000E\000s\000e\000r\000c\000i\000z\000i\000\040\000s\000u\000i\000\040\000F\000o\000n\000d\000a\000m\000e\000n\000t\000a\000l\000i}{section.4}% 35
\BOOKMARK [3][-]{subsubsection.4.7.1}{\376\377\000R\000i\000s\000o\000l\000u\000z\000i\000o\000n\000e\000\040\000E\000s\000e\000r\000c\000i\000z\000i\000o\000\040\0001\000:\000\040\000E\000s\000e\000r\000c\000i\000z\000i\000o\000\040\0001\000:\000\040\000I\000m\000p\000l\000e\000m\000e\000n\000t\000a\000z\000i\000o\000n\000e\000\040\000I\000n\000p\000u\000t\000\040\000e\000d\000\040\000O\000u\000t\000p\000u\000t}{subsection.4.7}% 36
\BOOKMARK [3][-]{subsubsection.4.7.2}{\376\377\000R\000i\000s\000o\000l\000u\000z\000i\000o\000n\000e\000\040\000E\000s\000e\000r\000c\000i\000z\000i\000o\000\040\0002\000:\000\040\000E\000s\000e\000r\000c\000i\000z\000i\000o\000\040\0002\000:\000\040\000I\000d\000e\000n\000t\000i\000f\000i\000c\000a\000z\000i\000o\000n\000e\000\040\000d\000e\000g\000l\000i\000\040\000e\000r\000r\000o\000r\000i}{subsection.4.7}% 37
\BOOKMARK [3][-]{subsubsection.4.7.3}{\376\377\000R\000i\000s\000o\000l\000u\000z\000i\000o\000n\000e\000\040\000E\000s\000e\000r\000c\000i\000z\000i\000o\000\040\0003\000:\000\040\000E\000s\000e\000r\000c\000i\000z\000i\000o\000\040\0003\000:\000\040\000O\000p\000e\000r\000a\000z\000i\000o\000n\000i\000\040\000M\000a\000t\000e\000m\000a\000t\000i\000c\000h\000e}{subsection.4.7}% 38
\BOOKMARK [3][-]{subsubsection.4.7.4}{\376\377\000R\000i\000s\000o\000l\000u\000z\000i\000o\000n\000e\000\040\000E\000s\000e\000r\000c\000i\000z\000i\000o\000\040\0004\000:\000\040\000E\000s\000e\000r\000c\000i\000z\000i\000o\000\040\0004\000:\000\040\000O\000p\000e\000r\000a\000t\000o\000r\000i\000\040\000l\000o\000g\000i\000c\000i}{subsection.4.7}% 39
\BOOKMARK [3][-]{subsubsection.4.7.5}{\376\377\000R\000i\000s\000o\000l\000u\000z\000i\000o\000n\000e\000\040\000E\000s\000e\000r\000c\000i\000z\000i\000o\000\040\0005\000:\000\040\000E\000s\000e\000r\000c\000i\000z\000i\000o\000\040\0005\000:\000\040\000M\000i\000n\000i\000C\000a\000l\000c\000o\000l\000a\000t\000r\000i\000c\000e}{subsection.4.7}% 40
\BOOKMARK [3][-]{subsubsection.4.7.6}{\376\377\000R\000i\000s\000o\000l\000u\000z\000i\000o\000n\000e\000\040\000E\000s\000e\000r\000c\000i\000z\000i\000o\000\040\0006\000:\000\040\000E\000s\000e\000r\000c\000i\000z\000i\000o\000\040\0006\000:\000\040\000M\000u\000t\000a\000b\000i\000l\000i\000t\000\340\000\040\000e\000\040\000I\000m\000m\000u\000t\000a\000b\000i\000l\000i\000t\000\340}{subsection.4.7}% 41
\BOOKMARK [1][-]{section.5}{\376\377\000P\000r\000e\000s\000e\000n\000t\000a\000z\000i\000o\000n\000e\000\040\000L\000i\000s\000t\000e\000,\000\040\000T\000u\000p\000l\000e\000,\000\040\000D\000i\000z\000i\000o\000n\000a\000r\000i\000,\000\040\000S\000e\000t}{}% 42
\BOOKMARK [2][-]{subsection.5.1}{\376\377\000L\000i\000s\000t\000e}{section.5}% 43
\BOOKMARK [3][-]{subsubsection.5.1.1}{\376\377\000D\000e\000f\000i\000n\000i\000z\000i\000o\000n\000e\000\040\000e\000\040\000C\000a\000r\000a\000t\000t\000e\000r\000i\000s\000t\000i\000c\000h\000e\000\040\000P\000r\000i\000n\000c\000i\000p\000a\000l\000i}{subsection.5.1}% 44
\BOOKMARK [2][-]{subsection.5.2}{\376\377\000L\000'\000I\000n\000d\000i\000c\000i\000z\000z\000a\000z\000i\000o\000n\000e\000\040\000d\000e\000l\000l\000e\000\040\000L\000i\000s\000t\000e\000\040\000i\000n\000\040\000P\000y\000t\000h\000o\000n}{section.5}% 45
\BOOKMARK [3][-]{subsubsection.5.2.1}{\376\377\000U\000n\000\040\000m\000o\000d\000e\000l\000l\000o\000\040\000m\000a\000t\000e\000m\000a\000t\000i\000c\000o\000\040\000p\000e\000r\000\040\000c\000o\000m\000p\000r\000e\000n\000d\000e\000r\000e\000\040\000g\000l\000i\000\040\000i\000n\000d\000i\000c\000i}{subsection.5.2}% 46
\BOOKMARK [3][-]{subsubsection.5.2.2}{\376\377\000V\000a\000n\000t\000a\000g\000g\000i\000\040\000d\000e\000l\000l\000'\000i\000n\000d\000i\000c\000i\000z\000z\000a\000z\000i\000o\000n\000e\000\040\000b\000i\000d\000i\000r\000e\000z\000i\000o\000n\000a\000l\000e}{subsection.5.2}% 47
\BOOKMARK [3][-]{subsubsection.5.2.3}{\376\377\000E\000s\000e\000m\000p\000i\000\040\000p\000r\000a\000t\000i\000c\000i}{subsection.5.2}% 48
\BOOKMARK [3][-]{subsubsection.5.2.4}{\376\377\000I\000l\000\040\000c\000o\000n\000c\000e\000t\000t\000o\000\040\000d\000i\000\040\000i\000n\000s\000i\000e\000m\000e\000\040\000c\000i\000c\000l\000i\000c\000o\000\040\000c\000h\000i\000u\000s\000o}{subsection.5.2}% 49
\BOOKMARK [3][-]{subsubsection.5.2.5}{\376\377\000C\000o\000n\000c\000l\000u\000s\000i\000o\000n\000e}{subsection.5.2}% 50
\BOOKMARK [3][-]{subsubsection.5.2.6}{\376\377\000S\000i\000n\000t\000a\000s\000s\000i\000\040\000d\000i\000\040\000B\000a\000s\000e}{subsection.5.2}% 51
\BOOKMARK [3][-]{subsubsection.5.2.7}{\376\377\000A\000c\000c\000e\000s\000s\000o\000\040\000a\000g\000l\000i\000\040\000E\000l\000e\000m\000e\000n\000t\000i}{subsection.5.2}% 52
\BOOKMARK [3][-]{subsubsection.5.2.8}{\376\377\000M\000o\000d\000i\000f\000i\000c\000a\000\040\000d\000e\000g\000l\000i\000\040\000E\000l\000e\000m\000e\000n\000t\000i}{subsection.5.2}% 53
\BOOKMARK [3][-]{subsubsection.5.2.9}{\376\377\000S\000l\000i\000c\000i\000n\000g\000\040\000d\000i\000\040\000L\000i\000s\000t\000e}{subsection.5.2}% 54
\BOOKMARK [3][-]{subsubsection.5.2.10}{\376\377\000O\000p\000e\000r\000a\000z\000i\000o\000n\000i\000\040\000e\000\040\000M\000e\000t\000o\000d\000i\000\040\000B\000a\000s\000e}{subsection.5.2}% 55
\BOOKMARK [3][-]{subsubsection.5.2.11}{\376\377\000M\000e\000t\000o\000d\000i\000\040\000p\000e\000r\000\040\000A\000g\000g\000i\000u\000n\000g\000e\000r\000e\000\040\000E\000l\000e\000m\000e\000n\000t\000i}{subsection.5.2}% 56
\BOOKMARK [3][-]{subsubsection.5.2.12}{\376\377\000M\000e\000t\000o\000d\000i\000\040\000p\000e\000r\000\040\000R\000i\000m\000u\000o\000v\000e\000r\000e\000\040\000E\000l\000e\000m\000e\000n\000t\000i}{subsection.5.2}% 57
\BOOKMARK [3][-]{subsubsection.5.2.13}{\376\377\000G\000e\000s\000t\000i\000o\000n\000e\000\040\000d\000e\000g\000l\000i\000\040\000E\000r\000r\000o\000r\000i}{subsection.5.2}% 58
\BOOKMARK [3][-]{subsubsection.5.2.14}{\376\377\000M\000e\000t\000o\000d\000i\000\040\000p\000e\000r\000\040\000O\000t\000t\000e\000n\000e\000r\000e\000\040\000I\000n\000f\000o\000r\000m\000a\000z\000i\000o\000n\000i}{subsection.5.2}% 59
\BOOKMARK [3][-]{subsubsection.5.2.15}{\376\377\000E\000s\000e\000m\000p\000i\000\040\000d\000i\000\040\000i\000n\000d\000e\000x\000\050\000\051\000\040\000e\000\040\000c\000o\000u\000n\000t\000\050\000\051}{subsection.5.2}% 60
\BOOKMARK [3][-]{subsubsection.5.2.16}{\376\377\000M\000e\000t\000o\000d\000i\000\040\000p\000e\000r\000\040\000O\000r\000d\000i\000n\000a\000m\000e\000n\000t\000o\000\040\000e\000\040\000I\000n\000v\000e\000r\000s\000i\000o\000n\000e}{subsection.5.2}% 61
\BOOKMARK [2][-]{subsection.5.3}{\376\377\000C\000o\000m\000p\000o\000r\000t\000a\000m\000e\000n\000t\000o\000\040\000i\000n\000\040\000M\000e\000m\000o\000r\000i\000a\000\040\000d\000e\000l\000l\000e\000\040\000L\000i\000s\000t\000e}{section.5}% 62
\BOOKMARK [3][-]{subsubsection.5.3.1}{\376\377\000V\000a\000r\000i\000a\000b\000i\000l\000i\000\040\000c\000o\000m\000e\000\040\000R\000i\000f\000e\000r\000i\000m\000e\000n\000t\000i}{subsection.5.3}% 63
\BOOKMARK [3][-]{subsubsection.5.3.2}{\376\377\000A\000s\000s\000e\000g\000n\000a\000z\000i\000o\000n\000e\000\040\000e\000\040\000R\000i\000f\000e\000r\000i\000m\000e\000n\000t\000i\000\040\000M\000u\000l\000t\000i\000p\000l\000i}{subsection.5.3}% 64
\BOOKMARK [3][-]{subsubsection.5.3.3}{\376\377\000C\000r\000e\000a\000z\000i\000o\000n\000e\000\040\000d\000i\000\040\000C\000o\000p\000i\000e\000\040\000I\000n\000d\000i\000p\000e\000n\000d\000e\000n\000t\000i}{subsection.5.3}% 65
\BOOKMARK [3][-]{subsubsection.5.3.4}{\376\377\000C\000o\000n\000f\000r\000o\000n\000t\000o\000\040\000t\000r\000a\000\040\000L\000i\000s\000t\000e\000:\000\040\000`\000=\000=\000`\000\040\000v\000s\000\040\000`\000i\000s\000`}{subsection.5.3}% 66
\BOOKMARK [3][-]{subsubsection.5.3.5}{\376\377\000R\000a\000p\000p\000r\000e\000s\000e\000n\000t\000a\000z\000i\000o\000n\000e\000\040\000V\000i\000s\000i\000v\000a\000\040\000d\000e\000l\000l\000a\000\040\000M\000e\000m\000o\000r\000i\000a}{subsection.5.3}% 67
\BOOKMARK [3][-]{subsubsection.5.3.6}{\376\377\000I\000m\000p\000l\000i\000c\000a\000z\000i\000o\000n\000i\000\040\000P\000r\000a\000t\000i\000c\000h\000e}{subsection.5.3}% 68
\BOOKMARK [2][-]{subsection.5.4}{\376\377\000E\000s\000e\000r\000c\000i\000z\000i\000\040\000R\000i\000a\000s\000s\000u\000n\000t\000i\000v\000i}{section.5}% 69
\BOOKMARK [3][-]{subsubsection.5.4.1}{\376\377\000E\000s\000e\000r\000c\000i\000z\000i\000o\000\040\0001\000:\000\040\000C\000o\000n\000c\000e\000t\000t\000i\000\040\000B\000a\000s\000e\000\040\000e\000\040\000I\000n\000d\000i\000c\000i\000z\000z\000a\000z\000i\000o\000n\000e}{subsection.5.4}% 70
\BOOKMARK [3][-]{subsubsection.5.4.2}{\376\377\000E\000s\000e\000r\000c\000i\000z\000i\000o\000\040\0002\000:\000\040\000O\000p\000e\000r\000a\000z\000i\000o\000n\000i\000\040\000B\000a\000s\000e\000\040\000s\000u\000l\000l\000e\000\040\000L\000i\000s\000t\000e}{subsection.5.4}% 71
\BOOKMARK [3][-]{subsubsection.5.4.3}{\376\377\000E\000s\000e\000r\000c\000i\000z\000i\000o\000\040\0003\000:\000\040\000S\000l\000i\000c\000i\000n\000g\000\040\000d\000e\000l\000l\000e\000\040\000L\000i\000s\000t\000e}{subsection.5.4}% 72
\BOOKMARK [3][-]{subsubsection.5.4.4}{\376\377\000E\000s\000e\000r\000c\000i\000z\000i\000o\000\040\0004\000:\000\040\000M\000e\000t\000o\000d\000i\000\040\000d\000e\000l\000l\000e\000\040\000L\000i\000s\000t\000e}{subsection.5.4}% 73
\BOOKMARK [3][-]{subsubsection.5.4.5}{\376\377\000E\000s\000e\000r\000c\000i\000z\000i\000o\000\040\0005\000:\000\040\000C\000o\000m\000p\000o\000r\000t\000a\000m\000e\000n\000t\000o\000\040\000i\000n\000\040\000M\000e\000m\000o\000r\000i\000a\000\040\000d\000e\000l\000l\000e\000\040\000L\000i\000s\000t\000e}{subsection.5.4}% 74
\BOOKMARK [3][-]{subsubsection.5.4.6}{\376\377\000E\000s\000e\000r\000c\000i\000z\000i\000o\000\040\0006\000:\000\040\000A\000n\000a\000l\000i\000s\000i\000\040\000d\000i\000\040\000C\000o\000d\000i\000c\000e\000\040\000e\000\040\000R\000i\000s\000o\000l\000u\000z\000i\000o\000n\000e\000\040\000P\000r\000o\000b\000l\000e\000m\000i\000:}{subsection.5.4}% 75
\BOOKMARK [2][-]{subsection.5.5}{\376\377\000R\000i\000s\000o\000l\000u\000z\000i\000o\000n\000e\000\040\000E\000s\000e\000r\000c\000i\000z\000i\000\040\000S\000u\000l\000l\000e\000\040\000L\000i\000s\000t\000e}{section.5}% 76
\BOOKMARK [3][-]{subsubsection.5.5.1}{\376\377\000R\000i\000s\000o\000l\000u\000z\000i\000o\000n\000e\000\040\000E\000s\000e\000r\000c\000i\000z\000i\000o\000\040\0001\000:\000\040\000E\000s\000e\000r\000c\000i\000z\000i\000o\000\040\0001\000:\000\040\000C\000o\000n\000c\000e\000t\000t\000i\000\040\000B\000a\000s\000e\000\040\000e\000\040\000I\000n\000d\000i\000c\000i\000z\000z\000a\000z\000i\000o\000n\000e}{subsection.5.5}% 77
\BOOKMARK [3][-]{subsubsection.5.5.2}{\376\377\000R\000i\000s\000o\000l\000u\000z\000i\000o\000e\000\040\000E\000s\000e\000r\000c\000i\000z\000i\000o\000\040\0002\000:\000\040\000E\000s\000e\000r\000c\000i\000z\000i\000o\000\040\0002\000:\000\040\000O\000p\000e\000r\000a\000z\000i\000o\000n\000i\000\040\000B\000a\000s\000e\000\040\000s\000u\000l\000l\000e\000\040\000L\000i\000s\000t\000e}{subsection.5.5}% 78
\BOOKMARK [3][-]{subsubsection.5.5.3}{\376\377\000R\000i\000s\000o\000l\000u\000z\000i\000o\000n\000e\000\040\000E\000s\000e\000r\000c\000i\000z\000i\000o\000\040\0003\000:\000\040\000E\000s\000e\000r\000c\000i\000z\000i\000o\000\040\0003\000:\000\040\000S\000l\000i\000c\000i\000n\000g\000\040\000d\000e\000l\000l\000e\000\040\000L\000i\000s\000t\000e}{subsection.5.5}% 79
\BOOKMARK [3][-]{subsubsection.5.5.4}{\376\377\000R\000i\000s\000o\000l\000u\000z\000i\000o\000n\000e\000\040\000E\000s\000e\000r\000c\000i\000z\000i\000o\000\040\0004\000:\000\040\000E\000s\000e\000r\000c\000i\000z\000i\000o\000\040\0004\000:\000\040\000M\000e\000t\000o\000d\000i\000\040\000d\000e\000l\000l\000e\000\040\000L\000i\000s\000t\000e}{subsection.5.5}% 80
\BOOKMARK [3][-]{subsubsection.5.5.5}{\376\377\000R\000i\000s\000o\000l\000u\000z\000i\000o\000n\000e\000\040\000E\000s\000e\000r\000c\000i\000z\000i\000o\000\040\0005\000:\000\040\000E\000s\000e\000r\000c\000i\000z\000i\000o\000\040\0005\000:\000\040\000C\000o\000m\000p\000o\000r\000t\000a\000m\000e\000n\000t\000o\000\040\000i\000n\000\040\000M\000e\000m\000o\000r\000i\000a\000\040\000d\000e\000l\000l\000e\000\040\000L\000i\000s\000t\000e}{subsection.5.5}% 81
\BOOKMARK [3][-]{subsubsection.5.5.6}{\376\377\000R\000i\000s\000o\000l\000u\000z\000i\000o\000n\000e\000\040\000E\000s\000e\000r\000c\000i\000z\000i\000o\000\040\0006\000:\000\040\000E\000s\000e\000r\000c\000i\000z\000i\000o\000\040\0006\000:\000\040\000A\000n\000a\000l\000i\000s\000i\000\040\000d\000i\000\040\000C\000o\000d\000i\000c\000e\000\040\000e\000\040\000R\000i\000s\000o\000l\000u\000z\000i\000o\000n\000e\000\040\000P\000r\000o\000b\000l\000e\000m\000i\000:}{subsection.5.5}% 82
\BOOKMARK [2][-]{subsection.5.6}{\376\377\000T\000u\000p\000l\000e}{section.5}% 83
\BOOKMARK [3][-]{subsubsection.5.6.1}{\376\377\000C\000a\000r\000a\000t\000t\000e\000r\000i\000s\000t\000i\000c\000h\000e\000\040\000P\000r\000i\000n\000c\000i\000p\000a\000l\000i\000\040\000d\000e\000l\000l\000e\000\040\000T\000u\000p\000l\000e}{subsection.5.6}% 84
\BOOKMARK [3][-]{subsubsection.5.6.2}{\376\377\000S\000i\000n\000t\000a\000s\000s\000i\000\040\000B\000a\000s\000e\000\040\000d\000e\000l\000l\000e\000\040\000T\000u\000p\000l\000e}{subsection.5.6}% 85
\BOOKMARK [3][-]{subsubsection.5.6.3}{\376\377\000O\000p\000e\000r\000a\000z\000i\000o\000n\000i\000\040\000c\000o\000m\000u\000n\000i\000\040\000c\000o\000n\000\040\000l\000e\000\040\000T\000u\000p\000l\000e}{subsection.5.6}% 86
\BOOKMARK [3][-]{subsubsection.5.6.4}{\376\377\000A\000c\000c\000c\000e\000s\000s\000o\000\040\000a\000g\000l\000i\000\040\000e\000l\000e\000m\000e\000n\000t\000i\000\040\000\050\000i\000n\000d\000i\000c\000i\000z\000z\000a\000z\000i\000o\000n\000e\000\051\000:}{subsection.5.6}% 87
\BOOKMARK [3][-]{subsubsection.5.6.5}{\376\377\000S\000l\000i\000c\000i\000n\000g\000:}{subsection.5.6}% 88
\BOOKMARK [3][-]{subsubsection.5.6.6}{\376\377\000C\000o\000n\000c\000a\000t\000e\000n\000a\000z\000i\000o\000n\000e\000\040\000d\000e\000l\000l\000e\000\040\000T\000u\000p\000l\000e}{subsection.5.6}% 89
\BOOKMARK [3][-]{subsubsection.5.6.7}{\376\377\000C\000o\000n\000c\000a\000t\000e\000n\000a\000z\000i\000o\000n\000e\000\040\000v\000s\000\040\000a\000l\000t\000r\000i\000\040\000m\000e\000t\000o\000d\000i\000\040\000d\000i\000\040\000c\000o\000m\000b\000i\000n\000a\000z\000i\000o\000n\000e}{subsection.5.6}% 90
\BOOKMARK [3][-]{subsubsection.5.6.8}{\376\377\000D\000i\000f\000f\000e\000r\000e\000n\000z\000a\000\040\000t\000r\000a\000\040\000T\000u\000p\000l\000e\000\040\000e\000\040\000L\000i\000s\000t\000e\000:}{subsection.5.6}% 91
\BOOKMARK [3][-]{subsubsection.5.6.9}{\376\377\000A\000l\000t\000r\000i\000\040\000m\000e\000t\000o\000d\000i\000:}{subsection.5.6}% 92
\BOOKMARK [2][-]{subsection.5.7}{\376\377\000T\000u\000p\000l\000e\000\040\000e\000\040\000l\000a\000\040\000G\000e\000s\000t\000i\000o\000n\000e\000\040\000d\000e\000l\000l\000a\000\040\000M\000e\000m\000o\000r\000i\000a}{section.5}% 93
\BOOKMARK [3][-]{subsubsection.5.7.1}{\376\377\000A\000l\000l\000o\000c\000a\000z\000i\000o\000n\000e\000\040\000d\000e\000l\000l\000a\000\040\000M\000e\000m\000o\000r\000i\000a}{subsection.5.7}% 94
\BOOKMARK [3][-]{subsubsection.5.7.2}{\376\377\000S\000t\000r\000u\000t\000t\000u\000r\000a\000\040\000I\000n\000t\000e\000r\000n\000a}{subsection.5.7}% 95
\BOOKMARK [3][-]{subsubsection.5.7.3}{\376\377\000I\000m\000m\000u\000t\000a\000b\000i\000l\000i\000t\000\340\000\040\000e\000\040\000O\000t\000t\000i\000m\000i\000z\000z\000a\000z\000i\000o\000n\000i\000\040\000d\000i\000\040\000M\000e\000m\000o\000r\000i\000a}{subsection.5.7}% 96
\BOOKMARK [3][-]{subsubsection.5.7.4}{\376\377\000T\000u\000p\000l\000e\000\040\000c\000o\000m\000e\000\040\000E\000l\000e\000m\000e\000n\000t\000i\000\040\000H\000a\000s\000h\000a\000b\000l\000e}{subsection.5.7}% 97
\BOOKMARK [3][-]{subsubsection.5.7.5}{\376\377\000T\000u\000p\000l\000e\000\040\000d\000i\000\040\000T\000u\000p\000l\000e\000\040\000e\000\040\000s\000t\000r\000u\000t\000t\000u\000r\000e\000\040\000A\000n\000n\000i\000d\000a\000t\000e}{subsection.5.7}% 98
\BOOKMARK [3][-]{subsubsection.5.7.6}{\376\377\000G\000a\000r\000b\000a\000g\000e\000\040\000C\000o\000l\000l\000e\000c\000t\000i\000o\000n}{subsection.5.7}% 99
\BOOKMARK [3][-]{subsubsection.5.7.7}{\376\377\000C\000i\000c\000l\000o\000\040\000d\000i\000\040\000V\000i\000t\000a\000\040\000d\000i\000\040\000u\000n\000a\000\040\000T\000u\000p\000l\000a\000\040\000i\000n\000\040\000M\000e\000m\000o\000r\000i\000a}{subsection.5.7}% 100
\BOOKMARK [3][-]{subsubsection.5.7.8}{\376\377\000R\000a\000p\000p\000r\000e\000s\000e\000n\000t\000a\000z\000i\000o\000n\000e\000\040\000G\000r\000a\000f\000i\000c\000a}{subsection.5.7}% 101
\BOOKMARK [2][-]{subsection.5.8}{\376\377\000E\000s\000e\000r\000c\000i\000z\000i\000\040\000R\000i\000a\000s\000s\000u\000n\000t\000i\000v\000i}{section.5}% 102
\BOOKMARK [3][-]{subsubsection.5.8.1}{\376\377\000E\000s\000e\000r\000c\000i\000z\000i\000o\000\040\0001\000:\000\040\000C\000r\000e\000a\000z\000i\000o\000n\000e\000\040\000e\000\040\000s\000i\000n\000t\000a\000s\000s\000i\000\040\000B\000a\000s\000e\000\040\000d\000e\000l\000l\000e\000\040\000T\000u\000p\000l\000e}{subsection.5.8}% 103
\BOOKMARK [3][-]{subsubsection.5.8.2}{\376\377\000E\000s\000e\000r\000c\000i\000z\000i\000o\000\040\0002\000:\000\040\000A\000c\000c\000e\000s\000s\000o\000\040\000a\000g\000l\000i\000\040\000E\000l\000e\000m\000e\000n\000t\000i\000\040\000\050\000i\000n\000d\000i\000c\000i\000z\000z\000a\000z\000i\000o\000n\000e\000\051}{subsection.5.8}% 104
\BOOKMARK [3][-]{subsubsection.5.8.3}{\376\377\000E\000s\000e\000r\000c\000i\000z\000i\000o\000\040\0003\000:\000\040\000S\000c\000l\000i\000c\000i\000n\000g\000\040\000d\000e\000l\000l\000e\000\040\000T\000u\000p\000l\000e}{subsection.5.8}% 105
\BOOKMARK [3][-]{subsubsection.5.8.4}{\376\377\000E\000s\000e\000r\000c\000i\000z\000i\000o\000\040\0004\000:\000\040\000M\000e\000t\000o\000d\000i\000\040\000p\000e\000r\000\040\000l\000e\000\040\000T\000u\000p\000l\000e}{subsection.5.8}% 106
\BOOKMARK [3][-]{subsubsection.5.8.5}{\376\377\000E\000s\000e\000r\000c\000i\000z\000i\000o\000\040\0005\000:\000\040\000C\000o\000n\000c\000a\000t\000e\000n\000a\000z\000i\000o\000n\000e\000\040\000d\000e\000l\000l\000e\000\040\000T\000u\000p\000l\000e}{subsection.5.8}% 107
\BOOKMARK [3][-]{subsubsection.5.8.6}{\376\377\000E\000s\000e\000r\000c\000i\000z\000i\000o\000\040\0006\000:\000\040\000I\000m\000m\000u\000t\000a\000b\000i\000l\000i\000t\000\340\000\040\000d\000e\000l\000l\000e\000\040\000T\000u\000p\000l\000e}{subsection.5.8}% 108
\BOOKMARK [3][-]{subsubsection.5.8.7}{\376\377\000E\000s\000e\000r\000c\000i\000z\000i\000o\000\040\0007\000:\000\040\000T\000u\000p\000l\000e\000\040\000A\000n\000n\000i\000d\000a\000t\000e}{subsection.5.8}% 109
\BOOKMARK [3][-]{subsubsection.5.8.8}{\376\377\000E\000s\000e\000r\000c\000i\000z\000i\000o\000\040\0008\000:\000\040\000O\000p\000e\000r\000a\000z\000i\000o\000n\000i\000\040\000d\000i\000\040\000C\000o\000n\000f\000r\000o\000n\000t\000o}{subsection.5.8}% 110
\BOOKMARK [3][-]{subsubsection.5.8.9}{\376\377\000E\000s\000e\000r\000c\000i\000z\000z\000i\000o\000\040\0009\000:\000\040\000A\000p\000p\000l\000i\000c\000a\000z\000i\000o\000n\000e\000\040\000P\000r\000a\000t\000i\000c\000a}{subsection.5.8}% 111
\BOOKMARK [2][-]{subsection.5.9}{\376\377\000R\000i\000s\000o\000l\000u\000z\000i\000o\000n\000e\000\040\000E\000s\000e\000r\000c\000i\000z\000i\000\040\000s\000u\000l\000l\000e\000\040\000T\000u\000p\000l\000e}{section.5}% 112
\BOOKMARK [3][-]{subsubsection.5.9.1}{\376\377\000R\000i\000s\000o\000l\000u\000z\000i\000o\000n\000e\000:\000\040\000E\000s\000e\000r\000c\000i\000z\000i\000o\000\040\0001\000:\000\040\000C\000r\000e\000a\000z\000i\000o\000n\000e\000\040\000e\000\040\000s\000i\000n\000t\000a\000s\000s\000i\000\040\000B\000a\000s\000e\000\040\000d\000e\000l\000l\000e\000\040\000T\000u\000p\000l\000e}{subsection.5.9}% 113
\BOOKMARK [3][-]{subsubsection.5.9.2}{\376\377\000R\000i\000s\000o\000l\000u\000z\000i\000o\000n\000e\000:\000\040\000E\000s\000e\000r\000c\000i\000z\000i\000o\000\040\0002\000:\000\040\000A\000c\000c\000e\000s\000s\000o\000\040\000a\000g\000l\000i\000\040\000E\000l\000e\000m\000e\000n\000t\000i\000\040\000\050\000i\000n\000d\000i\000c\000i\000z\000z\000a\000z\000i\000o\000n\000e\000\051}{subsection.5.9}% 114
\BOOKMARK [3][-]{subsubsection.5.9.3}{\376\377\000R\000i\000s\000o\000l\000u\000z\000i\000o\000n\000e\000:\000\040\000E\000s\000e\000r\000c\000i\000z\000i\000o\000\040\0003\000:\000\040\000S\000c\000l\000i\000c\000i\000n\000g\000\040\000d\000e\000l\000l\000e\000\040\000T\000u\000p\000l\000e}{subsection.5.9}% 115
\BOOKMARK [3][-]{subsubsection.5.9.4}{\376\377\000R\000i\000s\000o\000l\000u\000z\000i\000o\000n\000e\000:\000\040\000E\000s\000e\000r\000c\000i\000z\000i\000o\000\040\0004\000:\000\040\000M\000e\000t\000o\000d\000i\000\040\000p\000e\000r\000\040\000l\000e\000\040\000T\000u\000p\000l\000e}{subsection.5.9}% 116
\BOOKMARK [3][-]{subsubsection.5.9.5}{\376\377\000R\000i\000s\000o\000l\000u\000z\000i\000o\000n\000e\000:\000\040\000E\000s\000e\000r\000c\000i\000z\000i\000o\000\040\0005\000:\000\040\000C\000o\000n\000c\000a\000t\000e\000n\000a\000z\000i\000o\000n\000e\000\040\000d\000e\000l\000l\000e\000\040\000T\000u\000p\000l\000e}{subsection.5.9}% 117
\BOOKMARK [3][-]{subsubsection.5.9.6}{\376\377\000R\000i\000s\000o\000l\000u\000z\000i\000o\000n\000e\000:\000\040\000?\000?}{subsection.5.9}% 118
\BOOKMARK [3][-]{subsubsection.5.9.7}{\376\377\000R\000i\000s\000o\000l\000u\000z\000i\000o\000n\000e\000:\000\040\000E\000s\000e\000r\000c\000i\000z\000i\000o\000\040\0007\000:\000\040\000T\000u\000p\000l\000e\000\040\000A\000n\000n\000i\000d\000a\000t\000e}{subsection.5.9}% 119
\BOOKMARK [3][-]{subsubsection.5.9.8}{\376\377\000R\000i\000s\000o\000l\000u\000z\000i\000o\000n\000e\000:\000\040\000E\000s\000e\000r\000c\000i\000z\000i\000o\000\040\0008\000:\000\040\000O\000p\000e\000r\000a\000z\000i\000o\000n\000i\000\040\000d\000i\000\040\000C\000o\000n\000f\000r\000o\000n\000t\000o}{subsection.5.9}% 120
\BOOKMARK [3][-]{subsubsection.5.9.9}{\376\377\000R\000i\000s\000o\000l\000u\000z\000i\000o\000n\000e\000:\000\040\000E\000s\000e\000r\000c\000i\000z\000z\000i\000o\000\040\0009\000:\000\040\000A\000p\000p\000l\000i\000c\000a\000z\000i\000o\000n\000e\000\040\000P\000r\000a\000t\000i\000c\000a}{subsection.5.9}% 121
\BOOKMARK [2][-]{subsection.5.10}{\376\377\000D\000i\000z\000i\000o\000n\000a\000r\000i}{section.5}% 122
\BOOKMARK [3][-]{subsubsection.5.10.1}{\376\377\000C\000h\000i\000a\000v\000i\000\040\000-\000\040\000V\000a\000l\000o\000r\000i}{subsection.5.10}% 123
\BOOKMARK [3][-]{subsubsection.5.10.2}{\376\377\000C\000a\000r\000a\000t\000t\000e\000r\000i\000s\000t\000i\000c\000h\000e\000\040\000d\000e\000l\000l\000e\000\040\000C\000h\000i\000a\000v\000i}{subsection.5.10}% 124
\BOOKMARK [2][-]{subsection.5.11}{\376\377\000S\000e\000t}{section.5}% 125
\BOOKMARK [2][-]{subsection.5.12}{\376\377\000C\000a\000r\000e\000t\000t\000e\000r\000i\000s\000t\000i\000c\000h\000e\000\040\000F\000o\000n\000d\000a\000m\000e\000n\000t\000a\000l\000i}{section.5}% 126
\BOOKMARK [3][-]{subsubsection.5.12.1}{\376\377\000T\000e\000o\000r\000i\000a\000\040\000d\000e\000g\000l\000i\000\040\000i\000n\000s\000i\000e\000m\000i}{subsection.5.12}% 127
\BOOKMARK [3][-]{subsubsection.5.12.2}{\376\377\000U\000g\000u\000a\000g\000l\000i\000a\000n\000z\000a\000\040\000e\000\040\000P\000r\000i\000n\000c\000i\000p\000i\000o\000\040\000d\000i\000\040\000E\000s\000t\000e\000n\000s\000i\000o\000n\000a\000l\000i\000t\000\340}{subsection.5.12}% 128
\BOOKMARK [3][-]{subsubsection.5.12.3}{\376\377\000O\000p\000e\000r\000a\000z\000i\000o\000n\000i\000\040\000t\000r\000a\000\040\000I\000n\000s\000i\000e\000m\000i}{subsection.5.12}% 129
